{"C:\\Users\\slac_\\study\\ing-iacc\\third\\integracion-software\\third\\app-conexion\\bk-justicia\\controllers\\usuarios.js": {"path":"C:\\Users\\slac_\\study\\ing-iacc\\third\\integracion-software\\third\\app-conexion\\bk-justicia\\controllers\\usuarios.js","statementMap":{"0":{"start":{"line":1,"column":11},"end":{"line":1,"column":34}},"1":{"start":{"line":2,"column":15},"end":{"line":2,"column":34}},"2":{"start":{"line":5,"column":20},"end":{"line":10,"column":1}},"3":{"start":{"line":6,"column":4},"end":{"line":9,"column":7}},"4":{"start":{"line":7,"column":8},"end":{"line":7,"column":69}},"5":{"start":{"line":7,"column":17},"end":{"line":7,"column":69}},"6":{"start":{"line":8,"column":8},"end":{"line":8,"column":26}},"7":{"start":{"line":13,"column":23},"end":{"line":23,"column":1}},"8":{"start":{"line":14,"column":19},"end":{"line":14,"column":29}},"9":{"start":{"line":15,"column":4},"end":{"line":22,"column":6}},"10":{"start":{"line":18,"column":12},"end":{"line":18,"column":73}},"11":{"start":{"line":18,"column":21},"end":{"line":18,"column":73}},"12":{"start":{"line":19,"column":12},"end":{"line":19,"column":100}},"13":{"start":{"line":19,"column":38},"end":{"line":19,"column":100}},"14":{"start":{"line":20,"column":12},"end":{"line":20,"column":33}},"15":{"start":{"line":26,"column":22},"end":{"line":62,"column":1}},"16":{"start":{"line":27,"column":57},"end":{"line":27,"column":65}},"17":{"start":{"line":29,"column":4},"end":{"line":61,"column":5}},"18":{"start":{"line":31,"column":8},"end":{"line":58,"column":10}},"19":{"start":{"line":34,"column":16},"end":{"line":34,"column":77}},"20":{"start":{"line":34,"column":25},"end":{"line":34,"column":77}},"21":{"start":{"line":35,"column":16},"end":{"line":39,"column":17}},"22":{"start":{"line":36,"column":20},"end":{"line":38,"column":23}},"23":{"start":{"line":42,"column":29},"end":{"line":42,"column":53}},"24":{"start":{"line":43,"column":39},"end":{"line":43,"column":72}},"25":{"start":{"line":46,"column":16},"end":{"line":56,"column":18}},"26":{"start":{"line":50,"column":24},"end":{"line":50,"column":85}},"27":{"start":{"line":50,"column":33},"end":{"line":50,"column":85}},"28":{"start":{"line":51,"column":24},"end":{"line":54,"column":27}},"29":{"start":{"line":60,"column":8},"end":{"line":60,"column":55}},"30":{"start":{"line":65,"column":22},"end":{"line":120,"column":1}},"31":{"start":{"line":66,"column":19},"end":{"line":66,"column":29}},"32":{"start":{"line":67,"column":56},"end":{"line":67,"column":64}},"33":{"start":{"line":69,"column":4},"end":{"line":119,"column":5}},"34":{"start":{"line":71,"column":8},"end":{"line":116,"column":11}},"35":{"start":{"line":72,"column":12},"end":{"line":72,"column":73}},"36":{"start":{"line":72,"column":21},"end":{"line":72,"column":73}},"37":{"start":{"line":73,"column":12},"end":{"line":77,"column":13}},"38":{"start":{"line":74,"column":16},"end":{"line":76,"column":19}},"39":{"start":{"line":79,"column":30},"end":{"line":79,"column":52}},"40":{"start":{"line":80,"column":33},"end":{"line":80,"column":35}},"41":{"start":{"line":82,"column":12},"end":{"line":85,"column":13}},"42":{"start":{"line":83,"column":16},"end":{"line":83,"column":48}},"43":{"start":{"line":84,"column":16},"end":{"line":84,"column":44}},"44":{"start":{"line":86,"column":12},"end":{"line":91,"column":13}},"45":{"start":{"line":87,"column":29},"end":{"line":87,"column":53}},"46":{"start":{"line":88,"column":39},"end":{"line":88,"column":72}},"47":{"start":{"line":89,"column":16},"end":{"line":89,"column":48}},"48":{"start":{"line":90,"column":16},"end":{"line":90,"column":50}},"49":{"start":{"line":92,"column":12},"end":{"line":95,"column":13}},"50":{"start":{"line":93,"column":16},"end":{"line":93,"column":45}},"51":{"start":{"line":94,"column":16},"end":{"line":94,"column":41}},"52":{"start":{"line":96,"column":12},"end":{"line":99,"column":13}},"53":{"start":{"line":97,"column":16},"end":{"line":97,"column":44}},"54":{"start":{"line":98,"column":16},"end":{"line":98,"column":40}},"55":{"start":{"line":100,"column":12},"end":{"line":103,"column":13}},"56":{"start":{"line":101,"column":16},"end":{"line":101,"column":46}},"57":{"start":{"line":102,"column":16},"end":{"line":102,"column":42}},"58":{"start":{"line":106,"column":12},"end":{"line":106,"column":51}},"59":{"start":{"line":107,"column":12},"end":{"line":107,"column":43}},"60":{"start":{"line":108,"column":12},"end":{"line":108,"column":34}},"61":{"start":{"line":110,"column":12},"end":{"line":115,"column":15}},"62":{"start":{"line":111,"column":16},"end":{"line":111,"column":77}},"63":{"start":{"line":111,"column":25},"end":{"line":111,"column":77}},"64":{"start":{"line":112,"column":16},"end":{"line":114,"column":19}},"65":{"start":{"line":118,"column":8},"end":{"line":118,"column":55}},"66":{"start":{"line":123,"column":22},"end":{"line":140,"column":1}},"67":{"start":{"line":124,"column":19},"end":{"line":124,"column":29}},"68":{"start":{"line":126,"column":4},"end":{"line":139,"column":6}},"69":{"start":{"line":129,"column":12},"end":{"line":129,"column":73}},"70":{"start":{"line":129,"column":21},"end":{"line":129,"column":73}},"71":{"start":{"line":130,"column":12},"end":{"line":134,"column":13}},"72":{"start":{"line":131,"column":16},"end":{"line":133,"column":19}},"73":{"start":{"line":135,"column":12},"end":{"line":137,"column":15}},"74":{"start":{"line":143,"column":21},"end":{"line":188,"column":1}},"75":{"start":{"line":144,"column":35},"end":{"line":144,"column":43}},"76":{"start":{"line":146,"column":4},"end":{"line":187,"column":5}},"77":{"start":{"line":147,"column":8},"end":{"line":184,"column":10}},"78":{"start":{"line":150,"column":16},"end":{"line":150,"column":77}},"79":{"start":{"line":150,"column":25},"end":{"line":150,"column":77}},"80":{"start":{"line":151,"column":16},"end":{"line":155,"column":17}},"81":{"start":{"line":152,"column":20},"end":{"line":154,"column":23}},"82":{"start":{"line":157,"column":32},"end":{"line":157,"column":42}},"83":{"start":{"line":160,"column":16},"end":{"line":164,"column":17}},"84":{"start":{"line":161,"column":20},"end":{"line":163,"column":23}},"85":{"start":{"line":166,"column":38},"end":{"line":166,"column":86}},"86":{"start":{"line":168,"column":16},"end":{"line":172,"column":17}},"87":{"start":{"line":169,"column":20},"end":{"line":171,"column":23}},"88":{"start":{"line":174,"column":16},"end":{"line":182,"column":19}},"89":{"start":{"line":186,"column":8},"end":{"line":186,"column":55}},"90":{"start":{"line":190,"column":0},"end":{"line":197,"column":2}}},"fnMap":{"0":{"name":"(anonymous_0)","decl":{"start":{"line":5,"column":20},"end":{"line":5,"column":21}},"loc":{"start":{"line":5,"column":34},"end":{"line":10,"column":1}},"line":5},"1":{"name":"(anonymous_1)","decl":{"start":{"line":6,"column":95},"end":{"line":6,"column":96}},"loc":{"start":{"line":6,"column":113},"end":{"line":9,"column":5}},"line":6},"2":{"name":"(anonymous_2)","decl":{"start":{"line":13,"column":23},"end":{"line":13,"column":24}},"loc":{"start":{"line":13,"column":37},"end":{"line":23,"column":1}},"line":13},"3":{"name":"(anonymous_3)","decl":{"start":{"line":17,"column":8},"end":{"line":17,"column":9}},"loc":{"start":{"line":17,"column":26},"end":{"line":21,"column":9}},"line":17},"4":{"name":"(anonymous_4)","decl":{"start":{"line":26,"column":22},"end":{"line":26,"column":23}},"loc":{"start":{"line":26,"column":42},"end":{"line":62,"column":1}},"line":26},"5":{"name":"(anonymous_5)","decl":{"start":{"line":33,"column":12},"end":{"line":33,"column":13}},"loc":{"start":{"line":33,"column":36},"end":{"line":57,"column":13}},"line":33},"6":{"name":"(anonymous_6)","decl":{"start":{"line":49,"column":20},"end":{"line":49,"column":21}},"loc":{"start":{"line":49,"column":37},"end":{"line":55,"column":21}},"line":49},"7":{"name":"(anonymous_7)","decl":{"start":{"line":65,"column":22},"end":{"line":65,"column":23}},"loc":{"start":{"line":65,"column":42},"end":{"line":120,"column":1}},"line":65},"8":{"name":"(anonymous_8)","decl":{"start":{"line":71,"column":62},"end":{"line":71,"column":63}},"loc":{"start":{"line":71,"column":86},"end":{"line":116,"column":9}},"line":71},"9":{"name":"(anonymous_9)","decl":{"start":{"line":110,"column":48},"end":{"line":110,"column":49}},"loc":{"start":{"line":110,"column":65},"end":{"line":115,"column":13}},"line":110},"10":{"name":"(anonymous_10)","decl":{"start":{"line":123,"column":22},"end":{"line":123,"column":23}},"loc":{"start":{"line":123,"column":36},"end":{"line":140,"column":1}},"line":123},"11":{"name":"(anonymous_11)","decl":{"start":{"line":128,"column":8},"end":{"line":128,"column":9}},"loc":{"start":{"line":128,"column":25},"end":{"line":138,"column":9}},"line":128},"12":{"name":"(anonymous_12)","decl":{"start":{"line":143,"column":21},"end":{"line":143,"column":22}},"loc":{"start":{"line":143,"column":41},"end":{"line":188,"column":1}},"line":143},"13":{"name":"(anonymous_13)","decl":{"start":{"line":149,"column":12},"end":{"line":149,"column":13}},"loc":{"start":{"line":149,"column":36},"end":{"line":183,"column":13}},"line":149}},"branchMap":{"0":{"loc":{"start":{"line":7,"column":8},"end":{"line":7,"column":69}},"type":"if","locations":[{"start":{"line":7,"column":8},"end":{"line":7,"column":69}},{"start":{},"end":{}}],"line":7},"1":{"loc":{"start":{"line":18,"column":12},"end":{"line":18,"column":73}},"type":"if","locations":[{"start":{"line":18,"column":12},"end":{"line":18,"column":73}},{"start":{},"end":{}}],"line":18},"2":{"loc":{"start":{"line":19,"column":12},"end":{"line":19,"column":100}},"type":"if","locations":[{"start":{"line":19,"column":12},"end":{"line":19,"column":100}},{"start":{},"end":{}}],"line":19},"3":{"loc":{"start":{"line":27,"column":39},"end":{"line":27,"column":52}},"type":"default-arg","locations":[{"start":{"line":27,"column":46},"end":{"line":27,"column":52}}],"line":27},"4":{"loc":{"start":{"line":34,"column":16},"end":{"line":34,"column":77}},"type":"if","locations":[{"start":{"line":34,"column":16},"end":{"line":34,"column":77}},{"start":{},"end":{}}],"line":34},"5":{"loc":{"start":{"line":35,"column":16},"end":{"line":39,"column":17}},"type":"if","locations":[{"start":{"line":35,"column":16},"end":{"line":39,"column":17}},{"start":{},"end":{}}],"line":35},"6":{"loc":{"start":{"line":50,"column":24},"end":{"line":50,"column":85}},"type":"if","locations":[{"start":{"line":50,"column":24},"end":{"line":50,"column":85}},{"start":{},"end":{}}],"line":50},"7":{"loc":{"start":{"line":72,"column":12},"end":{"line":72,"column":73}},"type":"if","locations":[{"start":{"line":72,"column":12},"end":{"line":72,"column":73}},{"start":{},"end":{}}],"line":72},"8":{"loc":{"start":{"line":73,"column":12},"end":{"line":77,"column":13}},"type":"if","locations":[{"start":{"line":73,"column":12},"end":{"line":77,"column":13}},{"start":{},"end":{}}],"line":73},"9":{"loc":{"start":{"line":82,"column":12},"end":{"line":85,"column":13}},"type":"if","locations":[{"start":{"line":82,"column":12},"end":{"line":85,"column":13}},{"start":{},"end":{}}],"line":82},"10":{"loc":{"start":{"line":86,"column":12},"end":{"line":91,"column":13}},"type":"if","locations":[{"start":{"line":86,"column":12},"end":{"line":91,"column":13}},{"start":{},"end":{}}],"line":86},"11":{"loc":{"start":{"line":92,"column":12},"end":{"line":95,"column":13}},"type":"if","locations":[{"start":{"line":92,"column":12},"end":{"line":95,"column":13}},{"start":{},"end":{}}],"line":92},"12":{"loc":{"start":{"line":96,"column":12},"end":{"line":99,"column":13}},"type":"if","locations":[{"start":{"line":96,"column":12},"end":{"line":99,"column":13}},{"start":{},"end":{}}],"line":96},"13":{"loc":{"start":{"line":100,"column":12},"end":{"line":103,"column":13}},"type":"if","locations":[{"start":{"line":100,"column":12},"end":{"line":103,"column":13}},{"start":{},"end":{}}],"line":100},"14":{"loc":{"start":{"line":111,"column":16},"end":{"line":111,"column":77}},"type":"if","locations":[{"start":{"line":111,"column":16},"end":{"line":111,"column":77}},{"start":{},"end":{}}],"line":111},"15":{"loc":{"start":{"line":129,"column":12},"end":{"line":129,"column":73}},"type":"if","locations":[{"start":{"line":129,"column":12},"end":{"line":129,"column":73}},{"start":{},"end":{}}],"line":129},"16":{"loc":{"start":{"line":130,"column":12},"end":{"line":134,"column":13}},"type":"if","locations":[{"start":{"line":130,"column":12},"end":{"line":134,"column":13}},{"start":{},"end":{}}],"line":130},"17":{"loc":{"start":{"line":150,"column":16},"end":{"line":150,"column":77}},"type":"if","locations":[{"start":{"line":150,"column":16},"end":{"line":150,"column":77}},{"start":{},"end":{}}],"line":150},"18":{"loc":{"start":{"line":151,"column":16},"end":{"line":155,"column":17}},"type":"if","locations":[{"start":{"line":151,"column":16},"end":{"line":155,"column":17}},{"start":{},"end":{}}],"line":151},"19":{"loc":{"start":{"line":160,"column":16},"end":{"line":164,"column":17}},"type":"if","locations":[{"start":{"line":160,"column":16},"end":{"line":164,"column":17}},{"start":{},"end":{}}],"line":160},"20":{"loc":{"start":{"line":168,"column":16},"end":{"line":172,"column":17}},"type":"if","locations":[{"start":{"line":168,"column":16},"end":{"line":172,"column":17}},{"start":{},"end":{}}],"line":168}},"s":{"0":1,"1":1,"2":1,"3":0,"4":0,"5":0,"6":0,"7":1,"8":0,"9":0,"10":0,"11":0,"12":0,"13":0,"14":0,"15":1,"16":0,"17":0,"18":0,"19":0,"20":0,"21":0,"22":0,"23":0,"24":0,"25":0,"26":0,"27":0,"28":0,"29":0,"30":1,"31":0,"32":0,"33":0,"34":0,"35":0,"36":0,"37":0,"38":0,"39":0,"40":0,"41":0,"42":0,"43":0,"44":0,"45":0,"46":0,"47":0,"48":0,"49":0,"50":0,"51":0,"52":0,"53":0,"54":0,"55":0,"56":0,"57":0,"58":0,"59":0,"60":0,"61":0,"62":0,"63":0,"64":0,"65":0,"66":1,"67":0,"68":0,"69":0,"70":0,"71":0,"72":0,"73":0,"74":1,"75":3,"76":3,"77":3,"78":3,"79":0,"80":3,"81":1,"82":2,"83":2,"84":1,"85":1,"86":1,"87":0,"88":1,"89":0,"90":1},"f":{"0":0,"1":0,"2":0,"3":0,"4":0,"5":0,"6":0,"7":0,"8":0,"9":0,"10":0,"11":0,"12":3,"13":3},"b":{"0":[0,0],"1":[0,0],"2":[0,0],"3":[0],"4":[0,0],"5":[0,0],"6":[0,0],"7":[0,0],"8":[0,0],"9":[0,0],"10":[0,0],"11":[0,0],"12":[0,0],"13":[0,0],"14":[0,0],"15":[0,0],"16":[0,0],"17":[0,3],"18":[1,2],"19":[1,1],"20":[0,1]},"_coverageSchema":"1a1c01bbd47fc00a2c39e90264f33305004495a9","hash":"eac382b9facecf7d788e994d79a2099e1ed5044e"}
}
