TN:
SF:controllers\usuarios.js
FN:5,(anonymous_0)
FN:6,(anonymous_1)
FN:13,(anonymous_2)
FN:17,(anonymous_3)
FN:26,(anonymous_4)
FN:33,(anonymous_5)
FN:49,(anonymous_6)
FN:65,(anonymous_7)
FN:71,(anonymous_8)
FN:110,(anonymous_9)
FN:123,(anonymous_10)
FN:128,(anonymous_11)
FN:143,(anonymous_12)
FN:149,(anonymous_13)
FNF:14
FNH:2
FNDA:0,(anonymous_0)
FNDA:0,(anonymous_1)
FNDA:0,(anonymous_2)
FNDA:0,(anonymous_3)
FNDA:0,(anonymous_4)
FNDA:0,(anonymous_5)
FNDA:0,(anonymous_6)
FNDA:0,(anonymous_7)
FNDA:0,(anonymous_8)
FNDA:0,(anonymous_9)
FNDA:0,(anonymous_10)
FNDA:0,(anonymous_11)
FNDA:3,(anonymous_12)
FNDA:3,(anonymous_13)
DA:1,1
DA:2,1
DA:5,1
DA:6,0
DA:7,0
DA:8,0
DA:13,1
DA:14,0
DA:15,0
DA:18,0
DA:19,0
DA:20,0
DA:26,1
DA:27,0
DA:29,0
DA:31,0
DA:34,0
DA:35,0
DA:36,0
DA:42,0
DA:43,0
DA:46,0
DA:50,0
DA:51,0
DA:60,0
DA:65,1
DA:66,0
DA:67,0
DA:69,0
DA:71,0
DA:72,0
DA:73,0
DA:74,0
DA:79,0
DA:80,0
DA:82,0
DA:83,0
DA:84,0
DA:86,0
DA:87,0
DA:88,0
DA:89,0
DA:90,0
DA:92,0
DA:93,0
DA:94,0
DA:96,0
DA:97,0
DA:98,0
DA:100,0
DA:101,0
DA:102,0
DA:106,0
DA:107,0
DA:108,0
DA:110,0
DA:111,0
DA:112,0
DA:118,0
DA:123,1
DA:124,0
DA:126,0
DA:129,0
DA:130,0
DA:131,0
DA:135,0
DA:143,1
DA:144,3
DA:146,3
DA:147,3
DA:150,3
DA:151,3
DA:152,1
DA:157,2
DA:160,2
DA:161,1
DA:166,1
DA:168,1
DA:169,0
DA:174,1
DA:186,0
DA:190,1
LF:82
LH:21
BRDA:7,0,0,0
BRDA:7,0,1,0
BRDA:18,1,0,0
BRDA:18,1,1,0
BRDA:19,2,0,0
BRDA:19,2,1,0
BRDA:27,3,0,0
BRDA:34,4,0,0
BRDA:34,4,1,0
BRDA:35,5,0,0
BRDA:35,5,1,0
BRDA:50,6,0,0
BRDA:50,6,1,0
BRDA:72,7,0,0
BRDA:72,7,1,0
BRDA:73,8,0,0
BRDA:73,8,1,0
BRDA:82,9,0,0
BRDA:82,9,1,0
BRDA:86,10,0,0
BRDA:86,10,1,0
BRDA:92,11,0,0
BRDA:92,11,1,0
BRDA:96,12,0,0
BRDA:96,12,1,0
BRDA:100,13,0,0
BRDA:100,13,1,0
BRDA:111,14,0,0
BRDA:111,14,1,0
BRDA:129,15,0,0
BRDA:129,15,1,0
BRDA:130,16,0,0
BRDA:130,16,1,0
BRDA:150,17,0,0
BRDA:150,17,1,3
BRDA:151,18,0,1
BRDA:151,18,1,2
BRDA:160,19,0,1
BRDA:160,19,1,1
BRDA:168,20,0,0
BRDA:168,20,1,1
BRF:41
BRH:6
end_of_record
